{"total": {"lines":{"total":1362,"covered":31,"skipped":0,"pct":2.27},"statements":{"total":1362,"covered":31,"skipped":0,"pct":2.27},"functions":{"total":19,"covered":3,"skipped":0,"pct":15.78},"branches":{"total":14,"covered":3,"skipped":0,"pct":21.42},"branchesTrue":{"total":0,"covered":0,"skipped":0,"pct":100}}
,"F:\\-\\admin\\App.vue": {"lines":{"total":47,"covered":0,"skipped":0,"pct":0},"functions":{"total":1,"covered":0,"skipped":0,"pct":0},"statements":{"total":47,"covered":0,"skipped":0,"pct":0},"branches":{"total":1,"covered":0,"skipped":0,"pct":0}}
,"F:\\-\\admin\\main.js": {"lines":{"total":9,"covered":0,"skipped":0,"pct":0},"functions":{"total":1,"covered":0,"skipped":0,"pct":0},"statements":{"total":9,"covered":0,"skipped":0,"pct":0},"branches":{"total":1,"covered":0,"skipped":0,"pct":0}}
,"F:\\-\\admin\\pages\\content\\edit.vue": {"lines":{"total":151,"covered":0,"skipped":0,"pct":0},"functions":{"total":1,"covered":0,"skipped":0,"pct":0},"statements":{"total":151,"covered":0,"skipped":0,"pct":0},"branches":{"total":1,"covered":0,"skipped":0,"pct":0}}
,"F:\\-\\admin\\pages\\content\\index.vue": {"lines":{"total":255,"covered":0,"skipped":0,"pct":0},"functions":{"total":1,"covered":0,"skipped":0,"pct":0},"statements":{"total":255,"covered":0,"skipped":0,"pct":0},"branches":{"total":1,"covered":0,"skipped":0,"pct":0}}
,"F:\\-\\admin\\pages\\dashboard\\index.vue": {"lines":{"total":191,"covered":0,"skipped":0,"pct":0},"functions":{"total":1,"covered":0,"skipped":0,"pct":0},"statements":{"total":191,"covered":0,"skipped":0,"pct":0},"branches":{"total":1,"covered":0,"skipped":0,"pct":0}}
,"F:\\-\\admin\\pages\\login\\index.vue": {"lines":{"total":166,"covered":0,"skipped":0,"pct":0},"functions":{"total":1,"covered":0,"skipped":0,"pct":0},"statements":{"total":166,"covered":0,"skipped":0,"pct":0},"branches":{"total":1,"covered":0,"skipped":0,"pct":0}}
,"F:\\-\\admin\\pages\\user\\detail.vue": {"lines":{"total":132,"covered":0,"skipped":0,"pct":0},"functions":{"total":1,"covered":0,"skipped":0,"pct":0},"statements":{"total":132,"covered":0,"skipped":0,"pct":0},"branches":{"total":1,"covered":0,"skipped":0,"pct":0}}
,"F:\\-\\admin\\pages\\user\\index.vue": {"lines":{"total":237,"covered":0,"skipped":0,"pct":0},"functions":{"total":1,"covered":0,"skipped":0,"pct":0},"statements":{"total":237,"covered":0,"skipped":0,"pct":0},"branches":{"total":1,"covered":0,"skipped":0,"pct":0}}
,"F:\\-\\admin\\services\\adminApi.js": {"lines":{"total":39,"covered":14,"skipped":0,"pct":35.89},"functions":{"total":4,"covered":2,"skipped":0,"pct":50},"statements":{"total":39,"covered":14,"skipped":0,"pct":35.89},"branches":{"total":5,"covered":2,"skipped":0,"pct":40}}
,"F:\\-\\admin\\services\\http.js": {"lines":{"total":135,"covered":17,"skipped":0,"pct":12.59},"functions":{"total":7,"covered":1,"skipped":0,"pct":14.28},"statements":{"total":135,"covered":17,"skipped":0,"pct":12.59},"branches":{"total":1,"covered":1,"skipped":0,"pct":100}}
}
